[2023-03-14 15:33:12.087] [jointLog] [info] Fragment incompatibility prior below threshold.  Incompatible fragments will be ignored.
[2023-03-14 15:33:12.087] [jointLog] [info] Usage of --validateMappings implies use of minScoreFraction. Since not explicitly specified, it is being set to 0.65
[2023-03-14 15:33:12.087] [jointLog] [info] Usage of --validateMappings implies a default consensus slack of 0.2. Setting consensusSlack to 0.35.
[2023-03-14 15:33:12.087] [jointLog] [info] parsing read library format
[2023-03-14 15:33:12.087] [jointLog] [info] There is 1 library.
[2023-03-14 15:33:12.196] [jointLog] [info] Loading pufferfish index
[2023-03-14 15:33:12.197] [jointLog] [info] Loading dense pufferfish index.
[2023-03-14 15:33:12.228] [jointLog] [info] done
[2023-03-14 15:33:12.228] [jointLog] [info] Index contained 1 targets
[2023-03-14 15:33:12.228] [jointLog] [info] Number of decoys : 0
[2023-03-14 15:33:12.228] [jointLog] [info] First decoy index : 18446744073709551615 
[2023-03-14 15:33:12.358] [jointLog] [info] Computed 1 rich equivalence classes for further processing
[2023-03-14 15:33:12.358] [jointLog] [info] Counted 2058 total reads in the equivalence classes 
[2023-03-14 15:33:12.359] [jointLog] [info] Number of mappings discarded because of alignment score : 1540
[2023-03-14 15:33:12.359] [jointLog] [info] Number of fragments entirely discarded because of alignment score : 874
[2023-03-14 15:33:12.359] [jointLog] [info] Number of fragments discarded because they are best-mapped to decoys : 0
[2023-03-14 15:33:12.359] [jointLog] [info] Number of fragments discarded because they have only dovetail (discordant) mappings to valid targets : 1037
[2023-03-14 15:33:12.360] [jointLog] [warning] Only 2058 fragments were mapped, but the number of burn-in fragments was set to 5000000.
The effective lengths have been computed using the observed mappings.

[2023-03-14 15:33:12.360] [jointLog] [info] Mapping rate = 70.0715%

[2023-03-14 15:33:12.360] [jointLog] [info] finished quantifyLibrary()
[2023-03-14 15:33:12.363] [jointLog] [info] Starting optimizer
[2023-03-14 15:33:12.364] [jointLog] [info] Marked 0 weighted equivalence classes as degenerate
[2023-03-14 15:33:12.364] [jointLog] [info] iteration = 0 | max rel diff. = 2.20966e-16
[2023-03-14 15:33:12.364] [jointLog] [info] iteration = 100 | max rel diff. = 0
[2023-03-14 15:33:12.364] [jointLog] [info] Finished optimizer
[2023-03-14 15:33:12.364] [jointLog] [info] writing output 

[2023-03-14 15:33:12.372] [jointLog] [warning] NOTE: Read Lib [[ gut_1.fq, gut_2.fq]] :

Detected a *potential* strand bias > 1% in an unstranded protocol check the file: gut/lib_format_counts.json for details

[2023-03-14 15:33:12.359] [fileLog] [info] 
At end of round 0
==================
Observed 2937 total fragments (2937 in most recent round)

